<?xml version="1.0" encoding="UTF-8"?>
<!-- Generated by org.testng.reporters.JUnitXMLReporter -->
<testsuite hostname="DESKTOP-OOB2EAN" ignored="0" name="Validating User login" tests="1" failures="1" timestamp="15 Mar 2021 10:50:54 GMT" time="10.127" errors="0">
  <testcase name="basePageNavigation" time="0.03" classname="Practice.HomePage">
    <failure type="org.testng.internal.reflect.MethodMatcherException" message="
Data provider mismatch
Method: basePageNavigation([Parameter{index=0, type=java.lang.String, declaredAnnotations=[]}, Parameter{index=1, type=java.lang.String, declaredAnnotations=[]}])
Arguments: [(java.lang.String) divyakhandelwal0001@gmail.com,(java.lang.String) India@1989,(java.lang.String) Restrcited User]">
      <![CDATA[org.testng.internal.reflect.MethodMatcherException: 
Data provider mismatch
Method: basePageNavigation([Parameter{index=0, type=java.lang.String, declaredAnnotations=[]}, Parameter{index=1, type=java.lang.String, declaredAnnotations=[]}])
Arguments: [(java.lang.String) divyakhandelwal0001@gmail.com,(java.lang.String) India@1989,(java.lang.String) Restrcited User]
... Removed 20 stack frames]]>
    </failure>
  </testcase> <!-- basePageNavigation -->
</testsuite> <!-- Validating User login -->
